<?xml version="1.0" encoding="UTF-8"?>
<!-- Generated by org.testng.reporters.JUnitReportReporter -->
<testsuite hostname="Pratik8" failures="0" tests="1" name="com.demo.Login_Check.pqr" time="5.664" errors="0" timestamp="2024-06-15T21:36:27 IST" skipped="0">
  <testcase classname="com.demo.Login_Check.pqr" name="homePageTest" time="5.664"/>
  <system-out/>
</testsuite> <!-- com.demo.Login_Check.pqr -->
