<?xml version="1.0" encoding="UTF-8"?>
<!-- Generated by org.testng.reporters.JUnitReportReporter -->
<testsuite hostname="LAPTOP-FN1AS96S" failures="0" tests="7" name="tests.MainTest" time="90.579" errors="0" timestamp="2024-06-18T22:11:15 IST" skipped="0">
  <testcase classname="tests.MainTest" name="loginFuctionality" time="6.263"/>
  <testcase classname="tests.MainTest" name="cat" time="5.120"/>
  <testcase classname="tests.MainTest" name="nextNavigate" time="15.215"/>
  <testcase classname="tests.MainTest" name="contactDemo" time="1.397"/>
  <testcase classname="tests.MainTest" name="addCartDemo" time="28.838"/>
  <testcase classname="tests.MainTest" name="delete" time="3.155"/>
  <testcase classname="tests.MainTest" name="ChechoutProcess" time="30.591"/>
</testsuite> <!-- tests.MainTest -->
