<?xml version="1.0" encoding="UTF-8"?>
<!-- Generated by org.testng.reporters.JUnitReportReporter -->
<testsuite hostname="LAPTOP-FN1AS96S" failures="0" tests="7" name="tests.MainTest" time="92.588" errors="0" timestamp="2024-06-18T11:33:57 IST" skipped="0">
  <testcase classname="tests.MainTest" name="loginFuctionality" time="6.406"/>
  <testcase classname="tests.MainTest" name="cat" time="5.222"/>
  <testcase classname="tests.MainTest" name="nextNavigate" time="15.230"/>
  <testcase classname="tests.MainTest" name="contactDemo" time="1.506"/>
  <testcase classname="tests.MainTest" name="addCartDemo" time="29.491"/>
  <testcase classname="tests.MainTest" name="delete" time="3.554"/>
  <testcase classname="tests.MainTest" name="ChechoutProcess" time="31.179"/>
</testsuite> <!-- tests.MainTest -->
